[DateTime: 23-02-2024 09:56:08] Exception Details:
Exception Type: System.Exception
Exception Message: Error deleting category: The connection had been disposed.
Stack Trace:    at FinalDemo_Advance_C_.Bussiness_Logic.BLCategory.DeleteCategory(Int32 categoryId) in F:\Arti-368\New folder\Advance API Training\Advance C#\Code\FinalDemo_Advance_C#\Bussiness_Logic\BLCategory.cs:line 159
   at FinalDemo_Advance_C_.Controllers.CLCategoryController.DeleteCategory(Int32 categoryId) in F:\Arti-368\New folder\Advance API Training\Advance C#\Code\FinalDemo_Advance_C#\Controllers\CLCategoryController.cs:line 101
   at lambda_method(Closure , Object , Object[] )
   at System.Web.Http.Controllers.ReflectedHttpActionDescriptor.ActionExecutor.<>c__DisplayClass6_2.<GetExecutor>b__2(Object instance, Object[] methodParameters)
   at System.Web.Http.Controllers.ReflectedHttpActionDescriptor.ExecuteAsync(HttpControllerContext controllerContext, IDictionary`2 arguments, CancellationToken cancellationToken)
--- End of stack trace from previous location where exception was thrown ---
   at System.Runtime.ExceptionServices.ExceptionDispatchInfo.Throw()
   at System.Runtime.CompilerServices.TaskAwaiter.HandleNonSuccessAndDebuggerNotification(Task task)
   at System.Web.Http.Controllers.ApiControllerActionInvoker.<InvokeActionAsyncCore>d__1.MoveNext()
--- End of stack trace from previous location where exception was thrown ---
   at System.Runtime.ExceptionServices.ExceptionDispatchInfo.Throw()
   at System.Runtime.CompilerServices.TaskAwaiter.HandleNonSuccessAndDebuggerNotification(Task task)
   at System.Web.Http.Controllers.ActionFilterResult.<ExecuteAsync>d__5.MoveNext()
--- End of stack trace from previous location where exception was thrown ---
   at System.Runtime.ExceptionServices.ExceptionDispatchInfo.Throw()
   at System.Runtime.CompilerServices.TaskAwaiter.HandleNonSuccessAndDebuggerNotification(Task task)
   at System.Web.Http.Controllers.ExceptionFilterResult.<ExecuteAsync>d__6.MoveNext()
----------------------------------------------------------------

[DateTime: 23-02-2024 10:32:22] Exception Details:
Exception Type: System.NullReferenceException
Exception Message: Object reference not set to an instance of an object.
Stack Trace:    at FinalDemo_Advance_C_.Bussiness_Logic.BLProduct.AddProduct(PRD01 objPRD01) in F:\Arti-368\New folder\Advance API Training\Advance C#\Code\FinalDemo_Advance_C#\Bussiness_Logic\BLProduct.cs:line 94
   at FinalDemo_Advance_C_.Controllers.CLProductController.AddProduct(PRD01 Product) in F:\Arti-368\New folder\Advance API Training\Advance C#\Code\FinalDemo_Advance_C#\Controllers\CLProductController.cs:line 58
   at lambda_method(Closure , Object , Object[] )
   at System.Web.Http.Controllers.ReflectedHttpActionDescriptor.ActionExecutor.<>c__DisplayClass6_2.<GetExecutor>b__2(Object instance, Object[] methodParameters)
   at System.Web.Http.Controllers.ReflectedHttpActionDescriptor.ExecuteAsync(HttpControllerContext controllerContext, IDictionary`2 arguments, CancellationToken cancellationToken)
--- End of stack trace from previous location where exception was thrown ---
   at System.Runtime.ExceptionServices.ExceptionDispatchInfo.Throw()
   at System.Runtime.CompilerServices.TaskAwaiter.HandleNonSuccessAndDebuggerNotification(Task task)
   at System.Web.Http.Controllers.ApiControllerActionInvoker.<InvokeActionAsyncCore>d__1.MoveNext()
--- End of stack trace from previous location where exception was thrown ---
   at System.Runtime.ExceptionServices.ExceptionDispatchInfo.Throw()
   at System.Runtime.CompilerServices.TaskAwaiter.HandleNonSuccessAndDebuggerNotification(Task task)
   at System.Web.Http.Controllers.ActionFilterResult.<ExecuteAsync>d__5.MoveNext()
--- End of stack trace from previous location where exception was thrown ---
   at System.Runtime.ExceptionServices.ExceptionDispatchInfo.Throw()
   at System.Runtime.CompilerServices.TaskAwaiter.HandleNonSuccessAndDebuggerNotification(Task task)
   at System.Web.Http.Controllers.ExceptionFilterResult.<ExecuteAsync>d__6.MoveNext()
----------------------------------------------------------------

[DateTime: 23-02-2024 10:35:13] Exception Details:
Exception Type: System.Exception
Exception Message: Error fetching products: You have an error in your SQL syntax; check the manual that corresponds to your MySQL server version for the right syntax to use near 'FROM PRD01' at line 1
Stack Trace:    at FinalDemo_Advance_C_.Bussiness_Logic.BLProduct.GetAllProducts() in F:\Arti-368\New folder\Advance API Training\Advance C#\Code\FinalDemo_Advance_C#\Bussiness_Logic\BLProduct.cs:line 64
   at FinalDemo_Advance_C_.Controllers.CLProductController.GetAllProducts() in F:\Arti-368\New folder\Advance API Training\Advance C#\Code\FinalDemo_Advance_C#\Controllers\CLProductController.cs:line 38
   at lambda_method(Closure , Object , Object[] )
   at System.Web.Http.Controllers.ReflectedHttpActionDescriptor.ActionExecutor.<>c__DisplayClass6_2.<GetExecutor>b__2(Object instance, Object[] methodParameters)
   at System.Web.Http.Controllers.ReflectedHttpActionDescriptor.ExecuteAsync(HttpControllerContext controllerContext, IDictionary`2 arguments, CancellationToken cancellationToken)
--- End of stack trace from previous location where exception was thrown ---
   at System.Runtime.ExceptionServices.ExceptionDispatchInfo.Throw()
   at System.Runtime.CompilerServices.TaskAwaiter.HandleNonSuccessAndDebuggerNotification(Task task)
   at System.Web.Http.Controllers.ApiControllerActionInvoker.<InvokeActionAsyncCore>d__1.MoveNext()
--- End of stack trace from previous location where exception was thrown ---
   at System.Runtime.ExceptionServices.ExceptionDispatchInfo.Throw()
   at System.Runtime.CompilerServices.TaskAwaiter.HandleNonSuccessAndDebuggerNotification(Task task)
   at System.Web.Http.Controllers.ActionFilterResult.<ExecuteAsync>d__5.MoveNext()
--- End of stack trace from previous location where exception was thrown ---
   at System.Runtime.ExceptionServices.ExceptionDispatchInfo.Throw()
   at System.Runtime.CompilerServices.TaskAwaiter.HandleNonSuccessAndDebuggerNotification(Task task)
   at System.Web.Http.Controllers.ExceptionFilterResult.<ExecuteAsync>d__6.MoveNext()
----------------------------------------------------------------

[DateTime: 23-02-2024 10:35:16] Exception Details:
Exception Type: System.Exception
Exception Message: Error fetching products: You have an error in your SQL syntax; check the manual that corresponds to your MySQL server version for the right syntax to use near 'FROM PRD01' at line 1
Stack Trace:    at FinalDemo_Advance_C_.Bussiness_Logic.BLProduct.GetAllProducts() in F:\Arti-368\New folder\Advance API Training\Advance C#\Code\FinalDemo_Advance_C#\Bussiness_Logic\BLProduct.cs:line 64
   at FinalDemo_Advance_C_.Controllers.CLProductController.GetAllProducts() in F:\Arti-368\New folder\Advance API Training\Advance C#\Code\FinalDemo_Advance_C#\Controllers\CLProductController.cs:line 38
   at lambda_method(Closure , Object , Object[] )
   at System.Web.Http.Controllers.ReflectedHttpActionDescriptor.ActionExecutor.<>c__DisplayClass6_2.<GetExecutor>b__2(Object instance, Object[] methodParameters)
   at System.Web.Http.Controllers.ReflectedHttpActionDescriptor.ExecuteAsync(HttpControllerContext controllerContext, IDictionary`2 arguments, CancellationToken cancellationToken)
--- End of stack trace from previous location where exception was thrown ---
   at System.Runtime.ExceptionServices.ExceptionDispatchInfo.Throw()
   at System.Runtime.CompilerServices.TaskAwaiter.HandleNonSuccessAndDebuggerNotification(Task task)
   at System.Web.Http.Controllers.ApiControllerActionInvoker.<InvokeActionAsyncCore>d__1.MoveNext()
--- End of stack trace from previous location where exception was thrown ---
   at System.Runtime.ExceptionServices.ExceptionDispatchInfo.Throw()
   at System.Runtime.CompilerServices.TaskAwaiter.HandleNonSuccessAndDebuggerNotification(Task task)
   at System.Web.Http.Controllers.ActionFilterResult.<ExecuteAsync>d__5.MoveNext()
--- End of stack trace from previous location where exception was thrown ---
   at System.Runtime.ExceptionServices.ExceptionDispatchInfo.Throw()
   at System.Runtime.CompilerServices.TaskAwaiter.HandleNonSuccessAndDebuggerNotification(Task task)
   at System.Web.Http.Controllers.ExceptionFilterResult.<ExecuteAsync>d__6.MoveNext()
----------------------------------------------------------------

[DateTime: 23-02-2024 11:09:48] Exception Details:
Exception Type: System.ArgumentException
Exception Message: Requested value 'Seller' was not found.
Stack Trace:    at System.Enum.TryParseEnum(Type enumType, String value, Boolean ignoreCase, EnumResult& parseResult)
   at System.Enum.Parse(Type enumType, String value, Boolean ignoreCase)
   at ServiceStack.Text.EnumInfo.Parse(String serializedValue) in /home/runner/work/ServiceStack/ServiceStack/ServiceStack.Text/src/ServiceStack.Text/CachedTypeInfo.cs:line 101
   at ServiceStack.Text.Common.JsReader`1.<>c__DisplayClass4_0`1.<GetCoreParseStringSpanFn>b__1(ReadOnlySpan`1 x) in /home/runner/work/ServiceStack/ServiceStack/ServiceStack.Text/src/ServiceStack.Text/Common/JsReader.cs:line 50
   at ServiceStack.Text.Jsv.JsvReader.<>c__DisplayClass2_0.<GetParseFn>b__0(String v) in /home/runner/work/ServiceStack/ServiceStack/ServiceStack.Text/src/ServiceStack.Text/Jsv/JsvReader.Generic.cs:line 18
   at ServiceStack.OrmLite.Converters.EnumConverter.FromDbValue(Type fieldType, Object value) in /home/runner/work/ServiceStack/ServiceStack/ServiceStack.OrmLite/src/ServiceStack.OrmLite/Converters/SpecialConverters.cs:line 189
   at ServiceStack.OrmLite.OrmLiteWriteCommandExtensions.PopulateObjectWithSqlReader[T](IOrmLiteDialectProvider dialectProvider, Object objWithProperties, IDataReader reader, Tuple`3[] indexCache, Object[] values) in /home/runner/work/ServiceStack/ServiceStack/ServiceStack.OrmLite/src/ServiceStack.OrmLite/OrmLiteWriteCommandExtensions.cs:line 386
   at ServiceStack.OrmLite.OrmLiteWriteCommandExtensions.PopulateWithSqlReader[T](T objWithProperties, IOrmLiteDialectProvider dialectProvider, IDataReader reader, Tuple`3[] indexCache, Object[] values) in /home/runner/work/ServiceStack/ServiceStack/ServiceStack.OrmLite/src/ServiceStack.OrmLite/OrmLiteWriteCommandExtensions.cs:line 331
   at ServiceStack.OrmLite.OrmLiteUtils.ConvertToList[T](IDataReader reader, IOrmLiteDialectProvider dialectProvider, HashSet`1 onlyFields) in /home/runner/work/ServiceStack/ServiceStack/ServiceStack.OrmLite/src/ServiceStack.OrmLite/OrmLiteUtils.cs:line 267
   at ServiceStack.OrmLite.OrmLiteResultsFilterExtensions.ConvertToList[T](IDbCommand dbCmd, String sql) in /home/runner/work/ServiceStack/ServiceStack/ServiceStack.OrmLite/src/ServiceStack.OrmLite/OrmLiteResultsFilterExtensions.cs:line 99
   at ServiceStack.OrmLite.OrmLiteReadCommandExtensions.Select[T](IDbCommand dbCmd, String sql, Object anonType) in /home/runner/work/ServiceStack/ServiceStack/ServiceStack.OrmLite/src/ServiceStack.OrmLite/OrmLiteReadCommandExtensions.cs:line 487
   at ServiceStack.OrmLite.OrmLiteExecFilter.Exec[T](IDbConnection dbConn, Func`2 filter) in /home/runner/work/ServiceStack/ServiceStack/ServiceStack.OrmLite/src/ServiceStack.OrmLite/OrmLiteExecFilter.cs:line 75
   at FinalDemo_Advance_C_.Bussiness_Logic.BLUser.GetAllUsers() in F:\Arti-368\New folder\Advance API Training\Advance C#\Code\FinalDemo_Advance_C#\Bussiness_Logic\BLUser.cs:line 79
   at FinalDemo_Advance_C_.Controllers.CLUserController.GetAllUsers() in F:\Arti-368\New folder\Advance API Training\Advance C#\Code\FinalDemo_Advance_C#\Controllers\CLUserController.cs:line 46
   at lambda_method(Closure , Object , Object[] )
   at System.Web.Http.Controllers.ReflectedHttpActionDescriptor.ActionExecutor.<>c__DisplayClass6_2.<GetExecutor>b__2(Object instance, Object[] methodParameters)
   at System.Web.Http.Controllers.ReflectedHttpActionDescriptor.ExecuteAsync(HttpControllerContext controllerContext, IDictionary`2 arguments, CancellationToken cancellationToken)
--- End of stack trace from previous location where exception was thrown ---
   at System.Runtime.ExceptionServices.ExceptionDispatchInfo.Throw()
   at System.Runtime.CompilerServices.TaskAwaiter.HandleNonSuccessAndDebuggerNotification(Task task)
   at System.Web.Http.Controllers.ApiControllerActionInvoker.<InvokeActionAsyncCore>d__1.MoveNext()
--- End of stack trace from previous location where exception was thrown ---
   at System.Runtime.ExceptionServices.ExceptionDispatchInfo.Throw()
   at System.Runtime.CompilerServices.TaskAwaiter.HandleNonSuccessAndDebuggerNotification(Task task)
   at System.Web.Http.Controllers.ActionFilterResult.<ExecuteAsync>d__5.MoveNext()
--- End of stack trace from previous location where exception was thrown ---
   at System.Runtime.ExceptionServices.ExceptionDispatchInfo.Throw()
   at System.Runtime.CompilerServices.TaskAwaiter.HandleNonSuccessAndDebuggerNotification(Task task)
   at System.Web.Http.Controllers.ExceptionFilterResult.<ExecuteAsync>d__6.MoveNext()
----------------------------------------------------------------

[DateTime: 23-02-2024 11:10:06] Exception Details:
Exception Type: System.ArgumentException
Exception Message: Requested value 'Seller' was not found.
Stack Trace:    at System.Enum.TryParseEnum(Type enumType, String value, Boolean ignoreCase, EnumResult& parseResult)
   at System.Enum.Parse(Type enumType, String value, Boolean ignoreCase)
   at ServiceStack.Text.EnumInfo.Parse(String serializedValue) in /home/runner/work/ServiceStack/ServiceStack/ServiceStack.Text/src/ServiceStack.Text/CachedTypeInfo.cs:line 101
   at ServiceStack.Text.Common.JsReader`1.<>c__DisplayClass4_0`1.<GetCoreParseStringSpanFn>b__1(ReadOnlySpan`1 x) in /home/runner/work/ServiceStack/ServiceStack/ServiceStack.Text/src/ServiceStack.Text/Common/JsReader.cs:line 50
   at ServiceStack.Text.Jsv.JsvReader.<>c__DisplayClass2_0.<GetParseFn>b__0(String v) in /home/runner/work/ServiceStack/ServiceStack/ServiceStack.Text/src/ServiceStack.Text/Jsv/JsvReader.Generic.cs:line 18
   at ServiceStack.OrmLite.Converters.EnumConverter.FromDbValue(Type fieldType, Object value) in /home/runner/work/ServiceStack/ServiceStack/ServiceStack.OrmLite/src/ServiceStack.OrmLite/Converters/SpecialConverters.cs:line 189
   at ServiceStack.OrmLite.OrmLiteWriteCommandExtensions.PopulateObjectWithSqlReader[T](IOrmLiteDialectProvider dialectProvider, Object objWithProperties, IDataReader reader, Tuple`3[] indexCache, Object[] values) in /home/runner/work/ServiceStack/ServiceStack/ServiceStack.OrmLite/src/ServiceStack.OrmLite/OrmLiteWriteCommandExtensions.cs:line 386
   at ServiceStack.OrmLite.OrmLiteWriteCommandExtensions.PopulateWithSqlReader[T](T objWithProperties, IOrmLiteDialectProvider dialectProvider, IDataReader reader, Tuple`3[] indexCache, Object[] values) in /home/runner/work/ServiceStack/ServiceStack/ServiceStack.OrmLite/src/ServiceStack.OrmLite/OrmLiteWriteCommandExtensions.cs:line 331
   at ServiceStack.OrmLite.OrmLiteUtils.ConvertTo[T](IDataReader reader, IOrmLiteDialectProvider dialectProvider, HashSet`1 onlyFields) in /home/runner/work/ServiceStack/ServiceStack/ServiceStack.OrmLite/src/ServiceStack.OrmLite/OrmLiteUtils.cs:line 105
   at ServiceStack.OrmLite.OrmLiteResultsFilterExtensions.ConvertTo[T](IDbCommand dbCmd, String sql) in /home/runner/work/ServiceStack/ServiceStack/ServiceStack.OrmLite/src/ServiceStack.OrmLite/OrmLiteResultsFilterExtensions.cs:line 156
   at ServiceStack.OrmLite.OrmLiteExecFilter.Exec[T](IDbConnection dbConn, Func`2 filter) in /home/runner/work/ServiceStack/ServiceStack/ServiceStack.OrmLite/src/ServiceStack.OrmLite/OrmLiteExecFilter.cs:line 75
   at FinalDemo_Advance_C_.Bussiness_Logic.BLUser.Delete(Int32 id) in F:\Arti-368\New folder\Advance API Training\Advance C#\Code\FinalDemo_Advance_C#\Bussiness_Logic\BLUser.cs:line 165
   at FinalDemo_Advance_C_.Controllers.CLUserController.DeleteUser(Int32 id) in F:\Arti-368\New folder\Advance API Training\Advance C#\Code\FinalDemo_Advance_C#\Controllers\CLUserController.cs:line 93
   at lambda_method(Closure , Object , Object[] )
   at System.Web.Http.Controllers.ReflectedHttpActionDescriptor.ActionExecutor.<>c__DisplayClass6_2.<GetExecutor>b__2(Object instance, Object[] methodParameters)
   at System.Web.Http.Controllers.ReflectedHttpActionDescriptor.ExecuteAsync(HttpControllerContext controllerContext, IDictionary`2 arguments, CancellationToken cancellationToken)
--- End of stack trace from previous location where exception was thrown ---
   at System.Runtime.ExceptionServices.ExceptionDispatchInfo.Throw()
   at System.Runtime.CompilerServices.TaskAwaiter.HandleNonSuccessAndDebuggerNotification(Task task)
   at System.Web.Http.Controllers.ApiControllerActionInvoker.<InvokeActionAsyncCore>d__1.MoveNext()
--- End of stack trace from previous location where exception was thrown ---
   at System.Runtime.ExceptionServices.ExceptionDispatchInfo.Throw()
   at System.Runtime.CompilerServices.TaskAwaiter.HandleNonSuccessAndDebuggerNotification(Task task)
   at System.Web.Http.Controllers.ActionFilterResult.<ExecuteAsync>d__5.MoveNext()
--- End of stack trace from previous location where exception was thrown ---
   at System.Runtime.ExceptionServices.ExceptionDispatchInfo.Throw()
   at System.Runtime.CompilerServices.TaskAwaiter.HandleNonSuccessAndDebuggerNotification(Task task)
   at System.Web.Http.Controllers.ExceptionFilterResult.<ExecuteAsync>d__6.MoveNext()
----------------------------------------------------------------

[DateTime: 23-02-2024 11:39:31] Exception Details:
Exception Type: System.Exception
Exception Message: Error adding stock entry: Unknown column 'K01F013' in 'field list'
Stack Trace:    at FinalDemo_Advance_C_.Bussiness_Logic.BLStock.AddStockEntry(STK01 objSTK01) in F:\Arti-368\New folder\Advance API Training\Advance C#\Code\FinalDemo_Advance_C#\Bussiness_Logic\BLStock.cs:line 90
   at FinalDemo_Advance_C_.Controllers.CLStockController.AddStockEntry(STK01 stockEntry) in F:\Arti-368\New folder\Advance API Training\Advance C#\Code\FinalDemo_Advance_C#\Controllers\CLStockController.cs:line 64
   at lambda_method(Closure , Object , Object[] )
   at System.Web.Http.Controllers.ReflectedHttpActionDescriptor.ActionExecutor.<>c__DisplayClass6_2.<GetExecutor>b__2(Object instance, Object[] methodParameters)
   at System.Web.Http.Controllers.ReflectedHttpActionDescriptor.ExecuteAsync(HttpControllerContext controllerContext, IDictionary`2 arguments, CancellationToken cancellationToken)
--- End of stack trace from previous location where exception was thrown ---
   at System.Runtime.ExceptionServices.ExceptionDispatchInfo.Throw()
   at System.Runtime.CompilerServices.TaskAwaiter.HandleNonSuccessAndDebuggerNotification(Task task)
   at System.Web.Http.Controllers.ApiControllerActionInvoker.<InvokeActionAsyncCore>d__1.MoveNext()
--- End of stack trace from previous location where exception was thrown ---
   at System.Runtime.ExceptionServices.ExceptionDispatchInfo.Throw()
   at System.Runtime.CompilerServices.TaskAwaiter.HandleNonSuccessAndDebuggerNotification(Task task)
   at System.Web.Http.Controllers.ActionFilterResult.<ExecuteAsync>d__5.MoveNext()
--- End of stack trace from previous location where exception was thrown ---
   at System.Runtime.ExceptionServices.ExceptionDispatchInfo.Throw()
   at System.Runtime.CompilerServices.TaskAwaiter.HandleNonSuccessAndDebuggerNotification(Task task)
   at System.Web.Http.Controllers.ExceptionFilterResult.<ExecuteAsync>d__6.MoveNext()
----------------------------------------------------------------

[DateTime: 23-02-2024 18:25:07] Exception Details:
Exception Type: System.Exception
Exception Message: Error Generate in bill: Unknown column 'P.A01F02' in 'field list'
Stack Trace:    at FinalDemo_Advance_C_.Bussiness_Logic.BLTransaction.GetTransactionBill() in F:\Arti-368\New folder\Advance API Training\Advance C#\Code\FinalDemo_Advance_C#\Bussiness_Logic\BLTransaction.cs:line 304
   at FinalDemo_Advance_C_.Controllers.CLTransactionController.GetTransactionBill() in F:\Arti-368\New folder\Advance API Training\Advance C#\Code\FinalDemo_Advance_C#\Controllers\CLTransactionController.cs:line 57
   at lambda_method(Closure , Object , Object[] )
   at System.Web.Http.Controllers.ReflectedHttpActionDescriptor.ActionExecutor.<>c__DisplayClass6_2.<GetExecutor>b__2(Object instance, Object[] methodParameters)
   at System.Web.Http.Controllers.ReflectedHttpActionDescriptor.ExecuteAsync(HttpControllerContext controllerContext, IDictionary`2 arguments, CancellationToken cancellationToken)
--- End of stack trace from previous location where exception was thrown ---
   at System.Runtime.ExceptionServices.ExceptionDispatchInfo.Throw()
   at System.Runtime.CompilerServices.TaskAwaiter.HandleNonSuccessAndDebuggerNotification(Task task)
   at System.Web.Http.Controllers.ApiControllerActionInvoker.<InvokeActionAsyncCore>d__1.MoveNext()
--- End of stack trace from previous location where exception was thrown ---
   at System.Runtime.ExceptionServices.ExceptionDispatchInfo.Throw()
   at System.Runtime.CompilerServices.TaskAwaiter.HandleNonSuccessAndDebuggerNotification(Task task)
   at System.Web.Http.Controllers.ActionFilterResult.<ExecuteAsync>d__5.MoveNext()
--- End of stack trace from previous location where exception was thrown ---
   at System.Runtime.ExceptionServices.ExceptionDispatchInfo.Throw()
   at System.Runtime.CompilerServices.TaskAwaiter.HandleNonSuccessAndDebuggerNotification(Task task)
   at System.Web.Http.Controllers.ExceptionFilterResult.<ExecuteAsync>d__6.MoveNext()
----------------------------------------------------------------

